sending incremental file list
*deleting   kash/Snaps/20230109_110433_D8581511.jpg
*deleting   kash/Snaps/20230109_110433_30F64681.jpg
*deleting   kash/Snaps/20230109_110433_270999A6.jpg
*deleting   kash/Snaps/20230109_110432_F3537187.jpg
*deleting   kash/Snaps/20230109_110432_AA07A838.jpg
*deleting   kash/Snaps/20230109_110432_9F00D46A.jpg
*deleting   kash/Snaps/20230109_110432_28289192.jpg
*deleting   kash/Snaps/20230109_110432_0DE73B41.jpg
*deleting   kash/Snaps/20230109_110432_05AC9B33.jpg
*deleting   kash/Snaps/20230109_110431_6B0A48F1.jpg
*deleting   kash/Snaps/20230109_110431_5AB06283.jpg
*deleting   kash/Snaps/20230109_110431_35F14B57.jpg
*deleting   kash/Snaps/20230109_110430_D24B0EBF.jpg
*deleting   kash/Snaps/20230109_110430_CAD38184.jpg
*deleting   kash/Snaps/20230109_110430_AB039991.jpg
*deleting   kash/Snaps/20230109_110430_459ECA96.jpg
*deleting   kash/Snaps/20230109_110429_E8E83449.jpg
*deleting   kash/Snaps/20230109_110429_B295BBAE.jpg
*deleting   kash/Snaps/20230109_110429_23602159.jpg
*deleting   kash/Snaps/20230109_110416_FA0A87C6.jpg
*deleting   kash/Snaps/20230109_110416_CA121F33.jpg
*deleting   kash/Snaps/20230109_110415_39459805.jpg
*deleting   kash/Snaps/20230109_110406_E27A99FB.jpg
*deleting   kash/Snaps/20230109_110405_3A7E5CD9.jpg
*deleting   kash/Snaps/20230109_110404_7549415E.jpg
*deleting   kash/Snaps/20230109_110403_50701F7C.jpg
*deleting   kash/Snaps/20230109_110403_349576B2.jpg
*deleting   kash/Snaps/20230109_110358_C433AF49.jpg
*deleting   kash/Snaps/20230109_110357_F00D3EAD.jpg
*deleting   kash/Snaps/20230109_110356_94AFB987.jpg
*deleting   kash/Snaps/20230109_110350_E96C8A4D.jpg
*deleting   kash/Snaps/20230109_110349_FBD93897.jpg
*deleting   kash/Snaps/20230109_110348_6CD66B43.jpg
*deleting   kash/Snaps/20230109_110348_02AB85AE.jpg
*deleting   kash/Snaps/20230109_110347_E1961AD1.jpg
*deleting   kash/Snaps/20230109_110347_9DE354D5.jpg
*deleting   kash/Snaps/20230109_110347_541475E5.jpg
*deleting   kash/Snaps/20230109_110346_BC487AA3.jpg
*deleting   kash/Snaps/20230109_110346_71E74648.jpg
*deleting   kash/Snaps/20230109_110346_16A9CD75.jpg
*deleting   kash/Snaps/20230109_110342_C54E0B3A.jpg
*deleting   kash/Snaps/20230109_110342_B1F459CE.jpg
*deleting   kash/Snaps/20230109_110342_7315AAAF.jpg
*deleting   kash/Snaps/20230109_110301_EF773F25.jpg
*deleting   kash/Snaps/20230109_110300_F5D1C7B4.jpg
*deleting   kash/Snaps/20230109_110259_F4B978D1.jpg
*deleting   kash/Snaps/20230109_110258_623E801B.jpg
*deleting   kash/Snaps/20230109_110258_254500A0.jpg
*deleting   kash/Snaps/20230109_110257_F5AD9119.jpg
*deleting   kash/Snaps/20230109_110256_372B330D.jpg
*deleting   kash/Snaps/20230109_110255_DFB59D29.jpg
*deleting   kash/Snaps/20230109_110254_EAC1A6D4.jpg
*deleting   kash/Snaps/20230109_110254_C478BF17.jpg
*deleting   kash/Snaps/20230109_110253_EDF39F86.jpg
*deleting   kash/Snaps/20230109_110210_831F4B1C.jpg
*deleting   kash/Snaps/20230109_110146_161D4785.jpg
*deleting   kash/Snaps/20230109_110126_346A9F33.jpg
*deleting   kash/Snaps/20230109_110125_DF0DEE96.jpg
*deleting   kash/Snaps/20230109_110124_CEB1EE25.jpg
*deleting   kash/Snaps/20230109_110124_80BA6AA6.jpg
*deleting   kash/Snaps/20230109_110115_B1BAF1E4.jpg
*deleting   kash/Snaps/20230109_110115_22A3025D.jpg
*deleting   kash/Snaps/20230109_110113_C597B3CB.jpg
*deleting   kash/Snaps/20230109_110112_3339EA51.jpg
*deleting   kash/Snaps/20230109_110110_0FF489C9.jpg
*deleting   kash/Snaps/20230109_102408_CA8A266D.jpg
*deleting   kash/Snaps/20230109_102310_5725E1D0.jpeg
*deleting   kash/Snaps/20230109_102152_DB0CFD89.jpg
*deleting   kash/Snaps/20230109_102144_6EA088E6.jpg
*deleting   kash/Snaps/20230109_102143_A7304BDC.jpg
*deleting   kash/Snaps/20230109_102143_399E7983.jpg
*deleting   kash/Snaps/20230109_102141_BD27901C.jpg
*deleting   kash/Snaps/20230109_102141_6CD13275.jpg
*deleting   kash/Snaps/20230109_102137_145B4B73.jpg
*deleting   kash/Snaps/20230109_102136_D45097C0.jpg
*deleting   kash/Snaps/
*deleting   kash/Snap/Snapchat-982972840.jpg
*deleting   kash/Snap/Snapchat-981211924.nfo
*deleting   kash/Snap/Snapchat-981211924.mp4
*deleting   kash/Snap/Snapchat-975953104.nfo
*deleting   kash/Snap/Snapchat-975953104.mp4
*deleting   kash/Snap/Snapchat-968509054.nfo
*deleting   kash/Snap/Snapchat-968509054.mp4
*deleting   kash/Snap/Snapchat-945432785.nfo
*deleting   kash/Snap/Snapchat-945432785.mp4
*deleting   kash/Snap/Snapchat-934448016.jpg
*deleting   kash/Snap/Snapchat-91833905.jpg
*deleting   kash/Snap/Snapchat-90879284.nfo
*deleting   kash/Snap/Snapchat-90879284.mp4
*deleting   kash/Snap/Snapchat-900851609.nfo
*deleting   kash/Snap/Snapchat-900851609.mp4
*deleting   kash/Snap/Snapchat-895175045.nfo
*deleting   kash/Snap/Snapchat-895175045.mp4
*deleting   kash/Snap/Snapchat-868333900.nfo
*deleting   kash/Snap/Snapchat-868333900.mp4
*deleting   kash/Snap/Snapchat-85541832.jpg
*deleting   kash/Snap/Snapchat-8408220.jpg
*deleting   kash/Snap/Snapchat-822295359.nfo
*deleting   kash/Snap/Snapchat-822295359.mp4
*deleting   kash/Snap/Snapchat-81491024.nfo
*deleting   kash/Snap/Snapchat-81491024.mp4
*deleting   kash/Snap/Snapchat-797323056.nfo
*deleting   kash/Snap/Snapchat-797323056.mp4
*deleting   kash/Snap/Snapchat-781435709.nfo
*deleting   kash/Snap/Snapchat-781435709.mp4
*deleting   kash/Snap/Snapchat-773865611.nfo
*deleting   kash/Snap/Snapchat-773865611.mp4
*deleting   kash/Snap/Snapchat-772954743.jpg
*deleting   kash/Snap/Snapchat-772301989.jpg
*deleting   kash/Snap/Snapchat-757459236.nfo
*deleting   kash/Snap/Snapchat-757459236.mp4
*deleting   kash/Snap/Snapchat-742678871.nfo
*deleting   kash/Snap/Snapchat-742678871.mp4
*deleting   kash/Snap/Snapchat-731633235.nfo
*deleting   kash/Snap/Snapchat-731633235.mp4
*deleting   kash/Snap/Snapchat-701651945.nfo
*deleting   kash/Snap/Snapchat-701651945.mp4
*deleting   kash/Snap/Snapchat-69653978.nfo
*deleting   kash/Snap/Snapchat-69653978.mp4
*deleting   kash/Snap/Snapchat-684463381.jpg
*deleting   kash/Snap/Snapchat-677798684.nfo
*deleting   kash/Snap/Snapchat-677798684.mp4
*deleting   kash/Snap/Snapchat-667741380.nfo
*deleting   kash/Snap/Snapchat-667741380.mp4
*deleting   kash/Snap/Snapchat-666925309.nfo
*deleting   kash/Snap/Snapchat-666925309.mp4
*deleting   kash/Snap/Snapchat-625993164.nfo
*deleting   kash/Snap/Snapchat-625993164.mp4
*deleting   kash/Snap/Snapchat-620251507.nfo
*deleting   kash/Snap/Snapchat-620251507.mp4
*deleting   kash/Snap/Snapchat-618958217.nfo
*deleting   kash/Snap/Snapchat-618958217.mp4
*deleting   kash/Snap/Snapchat-612787167.jpg
*deleting   kash/Snap/Snapchat-609592700.nfo
*deleting   kash/Snap/Snapchat-609592700.mp4
*deleting   kash/Snap/Snapchat-60150219.nfo
*deleting   kash/Snap/Snapchat-60150219.mp4
*deleting   kash/Snap/Snapchat-599527615.jpg
*deleting   kash/Snap/Snapchat-583126451.jpg
*deleting   kash/Snap/Snapchat-581239669.nfo
*deleting   kash/Snap/Snapchat-581239669.mp4
*deleting   kash/Snap/Snapchat-577258569.jpg
*deleting   kash/Snap/Snapchat-57717004.nfo
*deleting   kash/Snap/Snapchat-57717004.mp4
*deleting   kash/Snap/Snapchat-575898034.jpg
*deleting   kash/Snap/Snapchat-572413988.nfo
*deleting   kash/Snap/Snapchat-572413988.mp4
*deleting   kash/Snap/Snapchat-569650553.jpg
*deleting   kash/Snap/Snapchat-564804972.nfo
*deleting   kash/Snap/Snapchat-564804972.mp4
*deleting   kash/Snap/Snapchat-561665340.jpg
*deleting   kash/Snap/Snapchat-557983994.nfo
*deleting   kash/Snap/Snapchat-557983994.mp4
*deleting   kash/Snap/Snapchat-557664824.nfo
*deleting   kash/Snap/Snapchat-557664824.mp4
*deleting   kash/Snap/Snapchat-525691087.jpg
*deleting   kash/Snap/Snapchat-515244547.nfo
*deleting   kash/Snap/Snapchat-515244547.mp4
*deleting   kash/Snap/Snapchat-513618326.jpg
*deleting   kash/Snap/Snapchat-500873173.jpg
*deleting   kash/Snap/Snapchat-466010341.nfo
*deleting   kash/Snap/Snapchat-466010341.mp4
*deleting   kash/Snap/Snapchat-462324449.jpg
*deleting   kash/Snap/Snapchat-453763326.jpg
*deleting   kash/Snap/Snapchat-445430522.nfo
*deleting   kash/Snap/Snapchat-445430522.mp4
*deleting   kash/Snap/Snapchat-436812874.nfo
*deleting   kash/Snap/Snapchat-436812874.mp4
*deleting   kash/Snap/Snapchat-430537705.nfo
*deleting   kash/Snap/Snapchat-430537705.mp4
*deleting   kash/Snap/Snapchat-426992573.nfo
*deleting   kash/Snap/Snapchat-426992573.mp4
*deleting   kash/Snap/Snapchat-423023870.jpg
*deleting   kash/Snap/Snapchat-419043500.jpg
*deleting   kash/Snap/Snapchat-415377280.jpg
*deleting   kash/Snap/Snapchat-406671422.jpg
*deleting   kash/Snap/Snapchat-403478463.jpg
*deleting   kash/Snap/Snapchat-40015720.jpg
*deleting   kash/Snap/Snapchat-394382870.nfo
*deleting   kash/Snap/Snapchat-394382870.mp4
*deleting   kash/Snap/Snapchat-390421378.nfo
*deleting   kash/Snap/Snapchat-390421378.mp4
*deleting   kash/Snap/Snapchat-376787135.nfo
*deleting   kash/Snap/Snapchat-376787135.mp4
*deleting   kash/Snap/Snapchat-368978629.nfo
*deleting   kash/Snap/Snapchat-368978629.mp4
*deleting   kash/Snap/Snapchat-361064520.nfo
*deleting   kash/Snap/Snapchat-361064520.mp4
*deleting   kash/Snap/Snapchat-360580710.nfo
*deleting   kash/Snap/Snapchat-360580710.mp4
*deleting   kash/Snap/Snapchat-359429950.jpg
*deleting   kash/Snap/Snapchat-342444690.nfo
*deleting   kash/Snap/Snapchat-342444690.mp4
*deleting   kash/Snap/Snapchat-337524375.nfo
*deleting   kash/Snap/Snapchat-337524375.mp4
*deleting   kash/Snap/Snapchat-332972197.jpg
*deleting   kash/Snap/Snapchat-322202894.jpg
*deleting   kash/Snap/Snapchat-313193249.nfo
*deleting   kash/Snap/Snapchat-313193249.mp4
*deleting   kash/Snap/Snapchat-262658970.nfo
*deleting   kash/Snap/Snapchat-262658970.mp4
*deleting   kash/Snap/Snapchat-260554420.nfo
*deleting   kash/Snap/Snapchat-260554420.mp4
*deleting   kash/Snap/Snapchat-256393780.nfo
*deleting   kash/Snap/Snapchat-256393780.mp4
*deleting   kash/Snap/Snapchat-234922411.nfo
*deleting   kash/Snap/Snapchat-234922411.mp4
*deleting   kash/Snap/Snapchat-229043787.nfo
*deleting   kash/Snap/Snapchat-229043787.mp4
*deleting   kash/Snap/Snapchat-223567572.nfo
*deleting   kash/Snap/Snapchat-223567572.mp4
*deleting   kash/Snap/Snapchat-223496368.jpg
*deleting   kash/Snap/Snapchat-218686157.jpg
*deleting   kash/Snap/Snapchat-2141237893.jpg
*deleting   kash/Snap/Snapchat-2138241596.nfo
*deleting   kash/Snap/Snapchat-2138241596.mp4
*deleting   kash/Snap/Snapchat-2122785097.nfo
*deleting   kash/Snap/Snapchat-2122785097.mp4
*deleting   kash/Snap/Snapchat-2095612006.nfo
*deleting   kash/Snap/Snapchat-2095612006.mp4
*deleting   kash/Snap/Snapchat-2090351115.nfo
*deleting   kash/Snap/Snapchat-2090351115.mp4
*deleting   kash/Snap/Snapchat-2078034653.jpg
*deleting   kash/Snap/Snapchat-2073131021.jpg
*deleting   kash/Snap/Snapchat-2071312377.nfo
*deleting   kash/Snap/Snapchat-2071312377.mp4
*deleting   kash/Snap/Snapchat-2062936879.nfo
*deleting   kash/Snap/Snapchat-2062936879.mp4
*deleting   kash/Snap/Snapchat-2046894390.nfo
*deleting   kash/Snap/Snapchat-2046894390.mp4
*deleting   kash/Snap/Snapchat-2045753001.nfo
*deleting   kash/Snap/Snapchat-2045753001.mp4
*deleting   kash/Snap/Snapchat-2040317513.nfo
*deleting   kash/Snap/Snapchat-2040317513.mp4
*deleting   kash/Snap/Snapchat-1998711729.nfo
*deleting   kash/Snap/Snapchat-1998711729.mp4
*deleting   kash/Snap/Snapchat-1995613212.jpg
*deleting   kash/Snap/Snapchat-1994826942.nfo
*deleting   kash/Snap/Snapchat-1994826942.mp4
*deleting   kash/Snap/Snapchat-1987700134.nfo
*deleting   kash/Snap/Snapchat-1987700134.mp4
*deleting   kash/Snap/Snapchat-1972620485.jpg
*deleting   kash/Snap/Snapchat-1963233424.nfo
*deleting   kash/Snap/Snapchat-1963233424.mp4
*deleting   kash/Snap/Snapchat-1945696576.jpg
*deleting   kash/Snap/Snapchat-1938985109.jpg
*deleting   kash/Snap/Snapchat-1938492764.nfo
*deleting   kash/Snap/Snapchat-1938492764.mp4
*deleting   kash/Snap/Snapchat-1926097106.jpg
*deleting   kash/Snap/Snapchat-1921471667.nfo
*deleting   kash/Snap/Snapchat-1921471667.mp4
*deleting   kash/Snap/Snapchat-1917284866.nfo
*deleting   kash/Snap/Snapchat-1917284866.mp4
*deleting   kash/Snap/Snapchat-1901741214.jpg
*deleting   kash/Snap/Snapchat-1887727863.nfo
*deleting   kash/Snap/Snapchat-1887727863.mp4
*deleting   kash/Snap/Snapchat-1885479516.nfo
*deleting   kash/Snap/Snapchat-1885479516.mp4
*deleting   kash/Snap/Snapchat-1881792931.nfo
*deleting   kash/Snap/Snapchat-1881792931.mp4
*deleting   kash/Snap/Snapchat-1873269190.nfo
*deleting   kash/Snap/Snapchat-1873269190.mp4
*deleting   kash/Snap/Snapchat-1857990889.nfo
*deleting   kash/Snap/Snapchat-1857990889.mp4
*deleting   kash/Snap/Snapchat-1856860368.nfo
*deleting   kash/Snap/Snapchat-1856860368.mp4
*deleting   kash/Snap/Snapchat-1849845285.nfo
*deleting   kash/Snap/Snapchat-1849845285.mp4
*deleting   kash/Snap/Snapchat-184313817.nfo
*deleting   kash/Snap/Snapchat-184313817.mp4
*deleting   kash/Snap/Snapchat-1818510045.jpg
*deleting   kash/Snap/Snapchat-1817908795.nfo
*deleting   kash/Snap/Snapchat-1817908795.mp4
*deleting   kash/Snap/Snapchat-1807585635.nfo
*deleting   kash/Snap/Snapchat-1807585635.mp4
*deleting   kash/Snap/Snapchat-1800648319.jpg
*deleting   kash/Snap/Snapchat-179882152.jpg
*deleting   kash/Snap/Snapchat-1776706465.jpg
*deleting   kash/Snap/Snapchat-1775353547.nfo
*deleting   kash/Snap/Snapchat-1775353547.mp4
*deleting   kash/Snap/Snapchat-1766244709.nfo
*deleting   kash/Snap/Snapchat-1766244709.mp4
*deleting   kash/Snap/Snapchat-176597196.nfo
*deleting   kash/Snap/Snapchat-176597196.mp4
*deleting   kash/Snap/Snapchat-1736170381.nfo
*deleting   kash/Snap/Snapchat-1736170381.mp4
*deleting   kash/Snap/Snapchat-173097968.nfo
*deleting   kash/Snap/Snapchat-173097968.mp4
*deleting   kash/Snap/Snapchat-1726634474.nfo
*deleting   kash/Snap/Snapchat-1726634474.mp4
*deleting   kash/Snap/Snapchat-1705550832.nfo
*deleting   kash/Snap/Snapchat-1705550832.mp4
*deleting   kash/Snap/Snapchat-1656069614.nfo
*deleting   kash/Snap/Snapchat-1656069614.mp4
*deleting   kash/Snap/Snapchat-165003136.nfo
*deleting   kash/Snap/Snapchat-165003136.mp4
*deleting   kash/Snap/Snapchat-1646394059.nfo
*deleting   kash/Snap/Snapchat-1646394059.mp4
*deleting   kash/Snap/Snapchat-1641844661.nfo
*deleting   kash/Snap/Snapchat-1641844661.mp4
*deleting   kash/Snap/Snapchat-1605841184.nfo
*deleting   kash/Snap/Snapchat-1605841184.mp4
*deleting   kash/Snap/Snapchat-1601496546.nfo
*deleting   kash/Snap/Snapchat-1601496546.mp4
*deleting   kash/Snap/Snapchat-1586936509.nfo
*deleting   kash/Snap/Snapchat-1586936509.mp4
*deleting   kash/Snap/Snapchat-1563858757.nfo
*deleting   kash/Snap/Snapchat-1563858757.mp4
*deleting   kash/Snap/Snapchat-1562877448.jpg
*deleting   kash/Snap/Snapchat-1559795026.nfo
*deleting   kash/Snap/Snapchat-1559795026.mp4
*deleting   kash/Snap/Snapchat-1549112641.nfo
*deleting   kash/Snap/Snapchat-1549112641.mp4
*deleting   kash/Snap/Snapchat-1525699595.nfo
*deleting   kash/Snap/Snapchat-1525699595.mp4
*deleting   kash/Snap/Snapchat-1501828914.jpg
*deleting   kash/Snap/Snapchat-1500278722.nfo
*deleting   kash/Snap/Snapchat-1500278722.mp4
*deleting   kash/Snap/Snapchat-1474617155.nfo
*deleting   kash/Snap/Snapchat-1474617155.mp4
*deleting   kash/Snap/Snapchat-1455466602.nfo
*deleting   kash/Snap/Snapchat-1455466602.mp4
*deleting   kash/Snap/Snapchat-1454789136.jpg
*deleting   kash/Snap/Snapchat-1410762733.jpg
*deleting   kash/Snap/Snapchat-1401540480.nfo
*deleting   kash/Snap/Snapchat-1401540480.mp4
*deleting   kash/Snap/Snapchat-1391648292.jpg
*deleting   kash/Snap/Snapchat-1388243080.jpg
*deleting   kash/Snap/Snapchat-1381183744.jpg
*deleting   kash/Snap/Snapchat-1378762652.jpg
*deleting   kash/Snap/Snapchat-1353263902.nfo
*deleting   kash/Snap/Snapchat-1353263902.mp4
*deleting   kash/Snap/Snapchat-1350739090.nfo
*deleting   kash/Snap/Snapchat-1350739090.mp4
*deleting   kash/Snap/Snapchat-1347880296.jpg
*deleting   kash/Snap/Snapchat-1347471694.nfo
*deleting   kash/Snap/Snapchat-1347471694.mp4
*deleting   kash/Snap/Snapchat-1339254359.nfo
*deleting   kash/Snap/Snapchat-1339254359.mp4
*deleting   kash/Snap/Snapchat-1330038448.jpg
*deleting   kash/Snap/Snapchat-1329549316.nfo
*deleting   kash/Snap/Snapchat-1329549316.mp4
*deleting   kash/Snap/Snapchat-1325809804.nfo
*deleting   kash/Snap/Snapchat-1325809804.mp4
*deleting   kash/Snap/Snapchat-1290169911.nfo
*deleting   kash/Snap/Snapchat-1290169911.mp4
*deleting   kash/Snap/Snapchat-128916818.jpg
*deleting   kash/Snap/Snapchat-1287305777.nfo
*deleting   kash/Snap/Snapchat-1287305777.mp4
*deleting   kash/Snap/Snapchat-1279627791.nfo
*deleting   kash/Snap/Snapchat-1279627791.mp4
*deleting   kash/Snap/Snapchat-1279351321.nfo
*deleting   kash/Snap/Snapchat-1279351321.mp4
*deleting   kash/Snap/Snapchat-1271478091.nfo
*deleting   kash/Snap/Snapchat-1271478091.mp4
*deleting   kash/Snap/Snapchat-1269977346.jpg
*deleting   kash/Snap/Snapchat-126425864.jpg
*deleting   kash/Snap/Snapchat-1253936442.nfo
*deleting   kash/Snap/Snapchat-1253936442.mp4
*deleting   kash/Snap/Snapchat-1240234243.jpg
*deleting   kash/Snap/Snapchat-1232887230.nfo
*deleting   kash/Snap/Snapchat-1232887230.mp4
*deleting   kash/Snap/Snapchat-1226994296.jpg
*deleting   kash/Snap/Snapchat-1226101495.nfo
*deleting   kash/Snap/Snapchat-1226101495.mp4
*deleting   kash/Snap/Snapchat-1203055231.nfo
*deleting   kash/Snap/Snapchat-1203055231.mp4
*deleting   kash/Snap/Snapchat-1195716904.nfo
*deleting   kash/Snap/Snapchat-1195716904.mp4
*deleting   kash/Snap/Snapchat-1192269406.jpg
*deleting   kash/Snap/Snapchat-1179469036.nfo
*deleting   kash/Snap/Snapchat-1179469036.mp4
*deleting   kash/Snap/Snapchat-117075082.nfo
*deleting   kash/Snap/Snapchat-117075082.mp4
*deleting   kash/Snap/Snapchat-1151333983.jpg
*deleting   kash/Snap/Snapchat-1142639831.jpg
*deleting   kash/Snap/Snapchat-1141087404.nfo
*deleting   kash/Snap/Snapchat-1141087404.mp4
*deleting   kash/Snap/Snapchat-1130247715.jpg
*deleting   kash/Snap/Snapchat-1119617770.jpg
*deleting   kash/Snap/Snapchat-1115979429.jpg
*deleting   kash/Snap/Snapchat-1098230657.nfo
*deleting   kash/Snap/Snapchat-1098230657.mp4
*deleting   kash/Snap/Snapchat-1093529017.jpg
*deleting   kash/Snap/Snapchat-1074183348.nfo
*deleting   kash/Snap/Snapchat-1074183348.mp4
*deleting   kash/Snap/Snapchat-1072109840.nfo
*deleting   kash/Snap/Snapchat-1072109840.mp4
*deleting   kash/Snap/Snapchat-1060576725.jpg
*deleting   kash/Snap/Snapchat-1060294148.jpg
*deleting   kash/Snap/Snapchat-1053563107.nfo
*deleting   kash/Snap/Snapchat-1053563107.mp4
*deleting   kash/Snap/Snapchat-1052149169.nfo
*deleting   kash/Snap/Snapchat-1052149169.mp4
*deleting   kash/Snap/Snapchat-1045780979.jpg
*deleting   kash/Snap/Snapchat-1041226658.jpg
*deleting   kash/Snap/Snapchat-1032461359.nfo
*deleting   kash/Snap/Snapchat-1032461359.mp4
*deleting   kash/Snap/Snapchat-1029150681.jpg
*deleting   kash/Snap/Snapchat-1027066956.jpg
*deleting   kash/Snap/Snapchat-10234873.jpg
*deleting   kash/Snap/Snapchat-1017287544.jpg
*deleting   kash/Snap/Snapchat-1009590787.nfo
*deleting   kash/Snap/Snapchat-1009590787.mp4
*deleting   kash/Snap/Snapchat-1008816834.nfo
*deleting   kash/Snap/Snapchat-1008816834.mp4
*deleting   kash/Snap/Snapchat-100297295.nfo
*deleting   kash/Snap/Snapchat-100297295.mp4
*deleting   kash/Snap/Snapchat-1001014450.jpg
*deleting   kash/Snap/.trashed-1677169976-Snapchat-931846349.mp4
*deleting   kash/Snap/
.d..t...... kash/
*deleting   kash/2022/videos/VID_20220618_154919.mp4
*deleting   kash/2022/videos/20220902_182004_4C15EB41.mp4
*deleting   kash/2023/Snapchat-995520785.jpg
*deleting   kash/2023/Snapchat-98377577.jpg
*deleting   kash/2023/Snapchat-982011833.jpg
*deleting   kash/2023/Snapchat-904941115.jpg
*deleting   kash/2023/Snapchat-781849184.jpg
*deleting   kash/2023/Snapchat-652792612.jpg
*deleting   kash/2023/Snapchat-627111788.jpg
*deleting   kash/2023/Snapchat-618836973.jpg
*deleting   kash/2023/Snapchat-591262265.jpg
*deleting   kash/2023/Snapchat-567646955.jpg
*deleting   kash/2023/Snapchat-563809993.jpg
*deleting   kash/2023/Snapchat-530666608.jpg
*deleting   kash/2023/Snapchat-42639374.jpg
*deleting   kash/2023/Snapchat-415269563.jpg
*deleting   kash/2023/Snapchat-396578272.jpg
*deleting   kash/2023/Snapchat-239272849.jpg
*deleting   kash/2023/Snapchat-2015807845.jpg
*deleting   kash/2023/Snapchat-201534312.jpg
*deleting   kash/2023/Snapchat-1994097133.jpg
*deleting   kash/2023/Snapchat-1992005912.jpg
*deleting   kash/2023/Snapchat-190698681.jpg
*deleting   kash/2023/Snapchat-1741412071.jpg
*deleting   kash/2023/Snapchat-1663979996.jpg
*deleting   kash/2023/Snapchat-1647870283.jpg
*deleting   kash/2023/Snapchat-1496314297.jpg
*deleting   kash/2023/Snapchat-1492728676.jpg
*deleting   kash/2023/Snapchat-1420995390.jpg
*deleting   kash/2023/Snapchat-1285549739.jpg
*deleting   kash/2023/Snapchat-1261365703.jpg
*deleting   kash/2023/Snapchat-1242348024.jpg
*deleting   kash/2023/Snapchat-1202220756.jpg
*deleting   kash/2023/Snapchat-1166602891.jpg
*deleting   kash/2023/Snapchat-1122514574.jpg
*deleting   kash/2023/Snapchat-1043021755.jpg
*deleting   kash/2023/Snapchat-1015485249.jpg
*deleting   kash/2023/Delhi/Snapchat-960475024.jpg
*deleting   kash/2023/Delhi/Snapchat-917107052.jpg
*deleting   kash/2023/Delhi/Snapchat-693962173.jpg
*deleting   kash/2023/Delhi/Snapchat-622492434.jpg
*deleting   kash/2023/Delhi/Snapchat-553192810.jpg
*deleting   kash/2023/Delhi/Snapchat-1627047515.jpg
*deleting   kash/2023/Delhi/Snapchat-1440914782.jpg
*deleting   kash/2023/Delhi/Snapchat-1304323153.jpg
*deleting   kash/2023/Delhi/Videos/VID_20230512_184820.nfo
*deleting   kash/2023/Delhi/Videos/VID_20230511_204909.nfo
*deleting   kash/2023/Delhi/Videos/VID_20230511_142822.nfo
*deleting   kash/2023/Delhi/Videos/Snapchat-832811095.nfo
*deleting   kash/2023/Delhi/Videos/Snapchat-832811095.mp4
*deleting   kash/2023/Delhi/Videos/Snapchat-794752123.nfo
*deleting   kash/2023/Delhi/Videos/Snapchat-794752123.mp4
*deleting   kash/2023/Delhi/Videos/Snapchat-633860614.nfo
*deleting   kash/2023/Delhi/Videos/Snapchat-633860614.mp4
*deleting   kash/2023/Delhi/Videos/Snapchat-481779494.nfo
*deleting   kash/2023/Delhi/Videos/Snapchat-481779494.mp4
*deleting   kash/2023/Delhi/Videos/Snapchat-2050100646.nfo
*deleting   kash/2023/Delhi/Videos/Snapchat-2050100646.mp4
*deleting   kash/2023/Delhi/Videos/Snapchat-2027851569.nfo
*deleting   kash/2023/Delhi/Videos/Snapchat-2027851569.mp4
*deleting   kash/2023/Delhi/Videos/Snapchat-1332157711.nfo
*deleting   kash/2023/Delhi/Videos/Snapchat-1332157711.mp4
*deleting   kash/2023/Delhi/Videos/Snapchat-1237292224.nfo
*deleting   kash/2023/Delhi/Videos/Snapchat-1237292224.mp4
*deleting   kash/2023/Delhi/Videos/Snapchat-1127740384.nfo
*deleting   kash/2023/Delhi/Videos/Snapchat-1127740384.mp4
*deleting   kash/2023/GunnuBday/Snapchat-98571296.jpg
*deleting   kash/2023/GunnuBday/Snapchat-966703620.jpg
*deleting   kash/2023/GunnuBday/Snapchat-942126793.jpg
*deleting   kash/2023/GunnuBday/Snapchat-719310501.jpg
*deleting   kash/2023/GunnuBday/Snapchat-702461500.jpg
*deleting   kash/2023/GunnuBday/Snapchat-607015129.jpg
*deleting   kash/2023/GunnuBday/Snapchat-503022881.jpg
*deleting   kash/2023/GunnuBday/Snapchat-488224676.jpg
*deleting   kash/2023/GunnuBday/Snapchat-431184441.jpg
*deleting   kash/2023/GunnuBday/Snapchat-360775708.jpg
*deleting   kash/2023/GunnuBday/Snapchat-304533209.jpg
*deleting   kash/2023/GunnuBday/Snapchat-22818535.jpg
*deleting   kash/2023/GunnuBday/Snapchat-2141190846.jpg
*deleting   kash/2023/GunnuBday/Snapchat-2112875223.jpg
*deleting   kash/2023/GunnuBday/Snapchat-2083673296.jpg
*deleting   kash/2023/GunnuBday/Snapchat-2017503341.jpg
*deleting   kash/2023/GunnuBday/Snapchat-1876307518.jpg
*deleting   kash/2023/GunnuBday/Snapchat-1635826639.jpg
*deleting   kash/2023/GunnuBday/Snapchat-1634690067.jpg
*deleting   kash/2023/GunnuBday/Snapchat-1597647351.jpg
*deleting   kash/2023/GunnuBday/Snapchat-1308953596.jpg
*deleting   kash/2023/GunnuBday/Snapchat-1224651220.jpg
*deleting   kash/2023/GunnuBday/Snapchat-1132408969.jpg
*deleting   kash/2023/GunnuBday/Snapchat-1029432898.jpg
*deleting   kash/2023/GunnuBday/Videos/Snapchat-368660340.nfo
*deleting   kash/2023/GunnuBday/Videos/Snapchat-368660340.mp4
*deleting   kash/2023/GunnuBday/Videos/Snapchat-290263899.nfo
*deleting   kash/2023/GunnuBday/Videos/Snapchat-290263899.mp4
*deleting   kash/2023/GunnuBday/Videos/Snapchat-1054516244.nfo
*deleting   kash/2023/GunnuBday/Videos/Snapchat-1054516244.mp4
*deleting   kash/2023/Mangaluru/Snapchat-226105915.jpg
*deleting   kash/2023/Mangaluru/Snapchat-2055265470.jpg
*deleting   kash/2023/Mangaluru/Snapchat-1797496484.jpg
*deleting   kash/2023/Mangaluru/Videos/Snapchat-93043226.nfo
*deleting   kash/2023/Mangaluru/Videos/Snapchat-93043226.mp4
*deleting   kash/2023/Mangaluru/Videos/Snapchat-563497636.nfo
*deleting   kash/2023/Mangaluru/Videos/Snapchat-563497636.mp4
*deleting   kash/2023/Mangaluru/Videos/Snapchat-555798822.nfo
*deleting   kash/2023/Mangaluru/Videos/Snapchat-555798822.mp4
*deleting   kash/2023/Mangaluru/Videos/Snapchat-536091359.nfo
*deleting   kash/2023/Mangaluru/Videos/Snapchat-536091359.mp4
*deleting   kash/2023/Mangaluru/Videos/Snapchat-249849104.nfo
*deleting   kash/2023/Mangaluru/Videos/Snapchat-249849104.mp4
*deleting   kash/2023/Mangaluru/Videos/Snapchat-180010635.nfo
*deleting   kash/2023/Mangaluru/Videos/Snapchat-180010635.mp4
*deleting   kash/2023/Mangaluru/Videos/Snapchat-1749287613.nfo
*deleting   kash/2023/Mangaluru/Videos/Snapchat-1749287613.mp4
*deleting   kash/2023/Mangaluru/Videos/Snapchat-1704495754.nfo
*deleting   kash/2023/Mangaluru/Videos/Snapchat-1704495754.mp4
*deleting   kash/2023/Mangaluru/Videos/Snapchat-1470054030.nfo
*deleting   kash/2023/Mangaluru/Videos/Snapchat-1470054030.mp4
*deleting   kash/2023/Mangaluru/Videos/Snapchat-1397385585.nfo
*deleting   kash/2023/Mangaluru/Videos/Snapchat-1397385585.mp4
*deleting   kash/2023/Mangaluru/Videos/Snapchat-1340445620.nfo
*deleting   kash/2023/Mangaluru/Videos/Snapchat-1340445620.mp4
*deleting   kash/2023/Mangaluru/Videos/Snapchat-1303978280.nfo
*deleting   kash/2023/Mangaluru/Videos/Snapchat-1303978280.mp4
*deleting   kash/2023/Videos/VID_20230220_213837.nfo
*deleting   kash/2023/Videos/VID_20230219_193916.nfo
*deleting   kash/2023/Videos/VID_20230219_193821.nfo
*deleting   kash/2023/Videos/VID_20230219175313.nfo
*deleting   kash/2023/Videos/Snapchat-995727884.nfo
*deleting   kash/2023/Videos/Snapchat-995727884.mp4
*deleting   kash/2023/Videos/Snapchat-987052135.nfo
*deleting   kash/2023/Videos/Snapchat-987052135.mp4
*deleting   kash/2023/Videos/Snapchat-98569817.nfo
*deleting   kash/2023/Videos/Snapchat-98569817.mp4
*deleting   kash/2023/Videos/Snapchat-980122536.nfo
*deleting   kash/2023/Videos/Snapchat-980122536.mp4
*deleting   kash/2023/Videos/Snapchat-977604884.nfo
*deleting   kash/2023/Videos/Snapchat-977604884.mp4
*deleting   kash/2023/Videos/Snapchat-973864582.nfo
*deleting   kash/2023/Videos/Snapchat-973864582.mp4
*deleting   kash/2023/Videos/Snapchat-973777429.nfo
*deleting   kash/2023/Videos/Snapchat-973777429.mp4
*deleting   kash/2023/Videos/Snapchat-954721861.nfo
*deleting   kash/2023/Videos/Snapchat-954721861.mp4
*deleting   kash/2023/Videos/Snapchat-950701741.nfo
*deleting   kash/2023/Videos/Snapchat-950701741.mp4
*deleting   kash/2023/Videos/Snapchat-932147635.nfo
*deleting   kash/2023/Videos/Snapchat-932147635.mp4
*deleting   kash/2023/Videos/Snapchat-92151971.nfo
*deleting   kash/2023/Videos/Snapchat-92151971.mp4
*deleting   kash/2023/Videos/Snapchat-906165718.nfo
*deleting   kash/2023/Videos/Snapchat-906165718.mp4
*deleting   kash/2023/Videos/Snapchat-898030906.nfo
*deleting   kash/2023/Videos/Snapchat-898030906.mp4
*deleting   kash/2023/Videos/Snapchat-859467927.nfo
*deleting   kash/2023/Videos/Snapchat-859467927.mp4
*deleting   kash/2023/Videos/Snapchat-838816619.nfo
*deleting   kash/2023/Videos/Snapchat-838816619.mp4
*deleting   kash/2023/Videos/Snapchat-832058670.nfo
*deleting   kash/2023/Videos/Snapchat-832058670.mp4
*deleting   kash/2023/Videos/Snapchat-773865611.nfo
*deleting   kash/2023/Videos/Snapchat-773865611.mp4
*deleting   kash/2023/Videos/Snapchat-768380642.nfo
*deleting   kash/2023/Videos/Snapchat-768380642.mp4
*deleting   kash/2023/Videos/Snapchat-762684535.nfo
*deleting   kash/2023/Videos/Snapchat-762684535.mp4
*deleting   kash/2023/Videos/Snapchat-757981182.nfo
*deleting   kash/2023/Videos/Snapchat-757981182.mp4
*deleting   kash/2023/Videos/Snapchat-754522720.nfo
*deleting   kash/2023/Videos/Snapchat-754522720.mp4
*deleting   kash/2023/Videos/Snapchat-743992859.nfo
*deleting   kash/2023/Videos/Snapchat-743992859.mp4
*deleting   kash/2023/Videos/Snapchat-733209129.nfo
*deleting   kash/2023/Videos/Snapchat-733209129.mp4
*deleting   kash/2023/Videos/Snapchat-688774716.nfo
*deleting   kash/2023/Videos/Snapchat-688774716.mp4
*deleting   kash/2023/Videos/Snapchat-606702936.nfo
*deleting   kash/2023/Videos/Snapchat-606702936.mp4
*deleting   kash/2023/Videos/Snapchat-602903547.nfo
*deleting   kash/2023/Videos/Snapchat-602903547.mp4
*deleting   kash/2023/Videos/Snapchat-599822202.nfo
*deleting   kash/2023/Videos/Snapchat-599822202.mp4
*deleting   kash/2023/Videos/Snapchat-584556780.nfo
*deleting   kash/2023/Videos/Snapchat-584556780.mp4
*deleting   kash/2023/Videos/Snapchat-572537263.nfo
*deleting   kash/2023/Videos/Snapchat-572537263.mp4
*deleting   kash/2023/Videos/Snapchat-561189518.nfo
*deleting   kash/2023/Videos/Snapchat-561189518.mp4
*deleting   kash/2023/Videos/Snapchat-521157295.nfo
*deleting   kash/2023/Videos/Snapchat-521157295.mp4
*deleting   kash/2023/Videos/Snapchat-515244547.nfo
*deleting   kash/2023/Videos/Snapchat-515244547.mp4
*deleting   kash/2023/Videos/Snapchat-476053607.nfo
*deleting   kash/2023/Videos/Snapchat-476053607.mp4
*deleting   kash/2023/Videos/Snapchat-475598728.nfo
*deleting   kash/2023/Videos/Snapchat-475598728.mp4
*deleting   kash/2023/Videos/Snapchat-470623342.nfo
*deleting   kash/2023/Videos/Snapchat-470623342.mp4
*deleting   kash/2023/Videos/Snapchat-448527530.nfo
*deleting   kash/2023/Videos/Snapchat-448527530.mp4
*deleting   kash/2023/Videos/Snapchat-424696171.nfo
*deleting   kash/2023/Videos/Snapchat-424696171.mp4
*deleting   kash/2023/Videos/Snapchat-406011605.nfo
*deleting   kash/2023/Videos/Snapchat-406011605.mp4
*deleting   kash/2023/Videos/Snapchat-401462466.nfo
*deleting   kash/2023/Videos/Snapchat-401462466.mp4
*deleting   kash/2023/Videos/Snapchat-370455996.nfo
*deleting   kash/2023/Videos/Snapchat-370455996.mp4
*deleting   kash/2023/Videos/Snapchat-345600080.nfo
*deleting   kash/2023/Videos/Snapchat-345600080.mp4
*deleting   kash/2023/Videos/Snapchat-340122924.nfo
*deleting   kash/2023/Videos/Snapchat-340122924.mp4
*deleting   kash/2023/Videos/Snapchat-331211698.nfo
*deleting   kash/2023/Videos/Snapchat-331211698.mp4
*deleting   kash/2023/Videos/Snapchat-325638927.nfo
*deleting   kash/2023/Videos/Snapchat-325638927.mp4
*deleting   kash/2023/Videos/Snapchat-266723343.nfo
*deleting   kash/2023/Videos/Snapchat-266723343.mp4
*deleting   kash/2023/Videos/Snapchat-245404316.nfo
*deleting   kash/2023/Videos/Snapchat-245404316.mp4
*deleting   kash/2023/Videos/Snapchat-2133128582.nfo
*deleting   kash/2023/Videos/Snapchat-2133128582.mp4
*deleting   kash/2023/Videos/Snapchat-2128241504.nfo
*deleting   kash/2023/Videos/Snapchat-2128241504.mp4
*deleting   kash/2023/Videos/Snapchat-2126947891.nfo
*deleting   kash/2023/Videos/Snapchat-2126947891.mp4
*deleting   kash/2023/Videos/Snapchat-211660621.nfo
*deleting   kash/2023/Videos/Snapchat-211660621.mp4
*deleting   kash/2023/Videos/Snapchat-211152559.nfo
*deleting   kash/2023/Videos/Snapchat-211152559.mp4
*deleting   kash/2023/Videos/Snapchat-2104846730.nfo
*deleting   kash/2023/Videos/Snapchat-2104846730.mp4
*deleting   kash/2023/Videos/Snapchat-2076511167.nfo
*deleting   kash/2023/Videos/Snapchat-2076511167.mp4
*deleting   kash/2023/Videos/Snapchat-2072602511.nfo
*deleting   kash/2023/Videos/Snapchat-2072602511.mp4
*deleting   kash/2023/Videos/Snapchat-2047353930.nfo
*deleting   kash/2023/Videos/Snapchat-2047353930.mp4
*deleting   kash/2023/Videos/Snapchat-2020553199.nfo
*deleting   kash/2023/Videos/Snapchat-2020553199.mp4
*deleting   kash/2023/Videos/Snapchat-201592376.nfo
*deleting   kash/2023/Videos/Snapchat-201592376.mp4
*deleting   kash/2023/Videos/Snapchat-1974089931.nfo
*deleting   kash/2023/Videos/Snapchat-1974089931.mp4
*deleting   kash/2023/Videos/Snapchat-1964659684.nfo
*deleting   kash/2023/Videos/Snapchat-1964659684.mp4
*deleting   kash/2023/Videos/Snapchat-1959671956.nfo
*deleting   kash/2023/Videos/Snapchat-1959671956.mp4
*deleting   kash/2023/Videos/Snapchat-1955664700.nfo
*deleting   kash/2023/Videos/Snapchat-1955664700.mp4
*deleting   kash/2023/Videos/Snapchat-1931601055.nfo
*deleting   kash/2023/Videos/Snapchat-1931601055.mp4
*deleting   kash/2023/Videos/Snapchat-1923664437.nfo
*deleting   kash/2023/Videos/Snapchat-1923664437.mp4
*deleting   kash/2023/Videos/Snapchat-1912677532.nfo
*deleting   kash/2023/Videos/Snapchat-1912677532.mp4
*deleting   kash/2023/Videos/Snapchat-1911963315.nfo
*deleting   kash/2023/Videos/Snapchat-1911963315.mp4
*deleting   kash/2023/Videos/Snapchat-1910271964.nfo
*deleting   kash/2023/Videos/Snapchat-1910271964.mp4
*deleting   kash/2023/Videos/Snapchat-1908809536.nfo
*deleting   kash/2023/Videos/Snapchat-1908809536.mp4
*deleting   kash/2023/Videos/Snapchat-1879508967.nfo
*deleting   kash/2023/Videos/Snapchat-1879508967.mp4
*deleting   kash/2023/Videos/Snapchat-1851942921.nfo
*deleting   kash/2023/Videos/Snapchat-1851942921.mp4
*deleting   kash/2023/Videos/Snapchat-1848841248.nfo
*deleting   kash/2023/Videos/Snapchat-1848841248.mp4
*deleting   kash/2023/Videos/Snapchat-1805760131.nfo
*deleting   kash/2023/Videos/Snapchat-1805760131.mp4
*deleting   kash/2023/Videos/Snapchat-1763331077.nfo
*deleting   kash/2023/Videos/Snapchat-1763331077.mp4
*deleting   kash/2023/Videos/Snapchat-1752675987.nfo
*deleting   kash/2023/Videos/Snapchat-1752675987.mp4
*deleting   kash/2023/Videos/Snapchat-1743490294.nfo
*deleting   kash/2023/Videos/Snapchat-1743490294.mp4
*deleting   kash/2023/Videos/Snapchat-1726076000.nfo
*deleting   kash/2023/Videos/Snapchat-1726076000.mp4
*deleting   kash/2023/Videos/Snapchat-1697597740.nfo
*deleting   kash/2023/Videos/Snapchat-1697597740.mp4
*deleting   kash/2023/Videos/Snapchat-1695993106.nfo
*deleting   kash/2023/Videos/Snapchat-1695993106.mp4
*deleting   kash/2023/Videos/Snapchat-1693113353.nfo
*deleting   kash/2023/Videos/Snapchat-1693113353.mp4
*deleting   kash/2023/Videos/Snapchat-1690911669.nfo
*deleting   kash/2023/Videos/Snapchat-1690911669.mp4
*deleting   kash/2023/Videos/Snapchat-16874566.nfo
*deleting   kash/2023/Videos/Snapchat-16874566.mp4
*deleting   kash/2023/Videos/Snapchat-1674104136.nfo
*deleting   kash/2023/Videos/Snapchat-1674104136.mp4
*deleting   kash/2023/Videos/Snapchat-1670515518.nfo
*deleting   kash/2023/Videos/Snapchat-1670515518.mp4
*deleting   kash/2023/Videos/Snapchat-1634611793.nfo
*deleting   kash/2023/Videos/Snapchat-1634611793.mp4
*deleting   kash/2023/Videos/Snapchat-1621567899.nfo
*deleting   kash/2023/Videos/Snapchat-1621567899.mp4
*deleting   kash/2023/Videos/Snapchat-1611864041.nfo
*deleting   kash/2023/Videos/Snapchat-1611864041.mp4
*deleting   kash/2023/Videos/Snapchat-1601496546.nfo
*deleting   kash/2023/Videos/Snapchat-1601496546.mp4
*deleting   kash/2023/Videos/Snapchat-1579013720.nfo
*deleting   kash/2023/Videos/Snapchat-1579013720.mp4
*deleting   kash/2023/Videos/Snapchat-1475104899.nfo
*deleting   kash/2023/Videos/Snapchat-1475104899.mp4
*deleting   kash/2023/Videos/Snapchat-1421037766.nfo
*deleting   kash/2023/Videos/Snapchat-1421037766.mp4
*deleting   kash/2023/Videos/Snapchat-1399785894.nfo
*deleting   kash/2023/Videos/Snapchat-1399785894.mp4
*deleting   kash/2023/Videos/Snapchat-1388804398.nfo
*deleting   kash/2023/Videos/Snapchat-1388804398.mp4
*deleting   kash/2023/Videos/Snapchat-1388060325.nfo
*deleting   kash/2023/Videos/Snapchat-1388060325.mp4
*deleting   kash/2023/Videos/Snapchat-1352530699.nfo
*deleting   kash/2023/Videos/Snapchat-1352530699.mp4
*deleting   kash/2023/Videos/Snapchat-1322173557.nfo
*deleting   kash/2023/Videos/Snapchat-1322173557.mp4
*deleting   kash/2023/Videos/Snapchat-1302282070.nfo
*deleting   kash/2023/Videos/Snapchat-1302282070.mp4
*deleting   kash/2023/Videos/Snapchat-1291034413.nfo
*deleting   kash/2023/Videos/Snapchat-1291034413.mp4
*deleting   kash/2023/Videos/Snapchat-128904304.nfo
*deleting   kash/2023/Videos/Snapchat-128904304.mp4
*deleting   kash/2023/Videos/Snapchat-1288099859.nfo
*deleting   kash/2023/Videos/Snapchat-1288099859.mp4
*deleting   kash/2023/Videos/Snapchat-1256852598.nfo
*deleting   kash/2023/Videos/Snapchat-1256852598.mp4
*deleting   kash/2023/Videos/Snapchat-1255413171.nfo
*deleting   kash/2023/Videos/Snapchat-1255413171.mp4
*deleting   kash/2023/Videos/Snapchat-121782513.nfo
*deleting   kash/2023/Videos/Snapchat-121782513.mp4
*deleting   kash/2023/Videos/Snapchat-1216840584.nfo
*deleting   kash/2023/Videos/Snapchat-1216840584.mp4
*deleting   kash/2023/Videos/Snapchat-1216700680.nfo
*deleting   kash/2023/Videos/Snapchat-1216700680.mp4
*deleting   kash/2023/Videos/Snapchat-1177887569.nfo
*deleting   kash/2023/Videos/Snapchat-1177887569.mp4
*deleting   kash/2023/Videos/Snapchat-1174788676.nfo
*deleting   kash/2023/Videos/Snapchat-1174788676.mp4
*deleting   kash/2023/Videos/Snapchat-1161346044.nfo
*deleting   kash/2023/Videos/Snapchat-1161346044.mp4
*deleting   kash/2023/Videos/Snapchat-1161165281.nfo
*deleting   kash/2023/Videos/Snapchat-1161165281.mp4
*deleting   kash/2023/Videos/Snapchat-1149208680.nfo
*deleting   kash/2023/Videos/Snapchat-1149208680.mp4
*deleting   kash/2023/Videos/Snapchat-113785178.nfo
*deleting   kash/2023/Videos/Snapchat-113785178.mp4
*deleting   kash/2023/Videos/Snapchat-1122937319.nfo
*deleting   kash/2023/Videos/Snapchat-1122937319.mp4
*deleting   kash/2023/Videos/Snapchat-1121264883.nfo
*deleting   kash/2023/Videos/Snapchat-1121264883.mp4
*deleting   kash/2023/Videos/Snapchat-1100379516.nfo
*deleting   kash/2023/Videos/Snapchat-1100379516.mp4
*deleting   kash/2023/Videos/Snapchat-108152928.nfo
*deleting   kash/2023/Videos/Snapchat-108152928.mp4
*deleting   kash/2023/Videos/Snapchat-1045089999.nfo
*deleting   kash/2023/Videos/Snapchat-1045089999.mp4
*deleting   kash/2023/Videos/Snapchat-1032461359.nfo
*deleting   kash/2023/Videos/Snapchat-1032461359.mp4
*deleting   kash/2023/Videos/Snapchat-1018074101.nfo
*deleting   kash/2023/Videos/Snapchat-1018074101.mp4
*deleting   kash/2023/Videos/Snapchat-1017201664.nfo
*deleting   kash/2023/Videos/Snapchat-1017201664.mp4
*deleting   kash/2023/Videos/Snapchat-1010977507.nfo
*deleting   kash/2023/Videos/Snapchat-1010977507.mp4
*deleting   kash/2023/Videos/Snapchat-1003957686.nfo
*deleting   kash/2023/Videos/Snapchat-1003957686.mp4
.d..t...... kash/2022/videos/
>f+++++++++ kash/2022/videos/20220605_075746_CA7E44FB.mp4
         32,768   1%    0.00kB/s    0:00:00        1,802,724 100%    5.45MB/s    0:00:00 (xfr#1, ir-chk=1052/69006)
>f+++++++++ kash/2022/videos/20220605_115331_3CCE44BF.mp4
         32,768   2%  103.23kB/s    0:00:15        1,594,888 100%    4.84MB/s    0:00:00 (xfr#2, ir-chk=1051/69006)
.d..t...... kash/2023/
>f+++++++++ kash/2023/20230205_162851.jpg
         32,768   1%  101.59kB/s    0:00:15        1,641,407 100%    4.94MB/s    0:00:00 (xfr#3, ir-chk=1288/69276)
>f+++++++++ kash/2023/20230205_164009.jpg
         32,768   4%  100.63kB/s    0:00:07          813,408 100%    2.43MB/s    0:00:00 (xfr#4, ir-chk=1287/69276)
>f+++++++++ kash/2023/20230205_164025.jpg
         32,768   4%  100.31kB/s    0:00:07          810,275 100%    2.41MB/s    0:00:00 (xfr#5, ir-chk=1286/69276)
>f+++++++++ kash/2023/20230205_164122.jpg
         32,768   4%  100.00kB/s    0:00:07          818,025 100%    2.43MB/s    0:00:00 (xfr#6, ir-chk=1285/69276)
>f+++++++++ kash/2023/20230205_182340.jpg
         32,768   3%   99.38kB/s    0:00:09        1,004,930 100%    2.97MB/s    0:00:00 (xfr#7, ir-chk=1284/69276)
>f+++++++++ kash/2023/20230205_182356.jpg
         32,768   3%   98.77kB/s    0:00:08          877,209 100%    2.57MB/s    0:00:00 (xfr#8, ir-chk=1283/69276)
>f+++++++++ kash/2023/20230205_182423.jpg
         32,768   3%   98.46kB/s    0:00:08          894,148 100%    2.62MB/s    0:00:00 (xfr#9, ir-chk=1282/69276)
>f+++++++++ kash/2023/20230205_182518.jpg
         32,768   7%   98.16kB/s    0:00:04          461,978 100%    1.35MB/s    0:00:00 (xfr#10, ir-chk=1281/69276)
>f+++++++++ kash/2023/20230205_185843.jpg
         32,768  14%   97.86kB/s    0:00:01          221,131 100%  660.39kB/s    0:00:00 (xfr#11, ir-chk=1280/69276)
>f+++++++++ kash/2023/20230208_123357.jpg
         32,768   1%   97.86kB/s    0:00:22        2,247,649 100%    6.48MB/s    0:00:00 (xfr#12, ir-chk=1279/69276)
>f+++++++++ kash/2023/20230210_150838.jpg
         32,768   2%   96.68kB/s    0:00:15        1,545,971 100%    4.43MB/s    0:00:00 (xfr#13, ir-chk=1278/69276)
>f+++++++++ kash/2023/20230211_203925.jpg
         32,768   4%   95.81kB/s    0:00:07          772,478 100%    2.20MB/s    0:00:00 (xfr#14, ir-chk=1277/69276)
>f+++++++++ kash/2023/20230211_205457.jpg
         32,768   3%   95.52kB/s    0:00:08          878,864 100%    2.49MB/s    0:00:00 (xfr#15, ir-chk=1276/69276)
>f+++++++++ kash/2023/20230212_191754.jpg
         32,768   4%   95.24kB/s    0:00:06          655,610 100%    1.86MB/s    0:00:00 (xfr#16, ir-chk=1275/69276)
>f+++++++++ kash/2023/20230212_192324.jpg
         32,768   3%   94.96kB/s    0:00:10        1,068,269 100%    3.01MB/s    0:00:00 (xfr#17, ir-chk=1274/69276)
>f+++++++++ kash/2023/20230212_205858.jpg
         32,768   4%   94.40kB/s    0:00:08          795,926 100%    2.23MB/s    0:00:00 (xfr#18, ir-chk=1273/69276)
>f+++++++++ kash/2023/20230213_234833.jpg
         32,768   3%   94.12kB/s    0:00:09          890,326 100%    2.48MB/s    0:00:00 (xfr#19, ir-chk=1272/69276)
>f+++++++++ kash/2023/20230213_234858.jpg
         32,768   3%   93.57kB/s    0:00:10        1,058,537 100%    2.94MB/s    0:00:00 (xfr#20, ir-chk=1271/69276)
>f+++++++++ kash/2023/20230217_070247.jpg
         32,768   2%   93.29kB/s    0:00:14        1,373,292 100%    3.80MB/s    0:00:00 (xfr#21, ir-chk=1270/69276)
>f+++++++++ kash/2023/20230226_001025.jpg
         32,768   6%   92.49kB/s    0:00:05          533,389 100%    1.47MB/s    0:00:00 (xfr#22, ir-chk=1269/69276)
>f+++++++++ kash/2023/20230227_203358.jpg
         32,768   2%   92.49kB/s    0:00:12        1,180,642 100%    3.24MB/s    0:00:00 (xfr#23, ir-chk=1268/69276)
>f+++++++++ kash/2023/20230303_101509.jpg
         32,768   4%   91.69kB/s    0:00:07          688,640 100%    1.88MB/s    0:00:00 (xfr#24, ir-chk=1267/69276)
>f+++++++++ kash/2023/20230303_105005.jpg
         32,768   5%   91.43kB/s    0:00:06          648,565 100%    1.76MB/s    0:00:00 (xfr#25, ir-chk=1266/69276)
>f+++++++++ kash/2023/20230303_143334.jpg
         32,768   2%   91.17kB/s    0:00:14        1,324,565 100%    3.58MB/s    0:00:00 (xfr#26, ir-chk=1265/69276)
>f+++++++++ kash/2023/20230306_080659.jpg
         32,768   6%   90.65kB/s    0:00:05          517,485 100%    1.39MB/s    0:00:00 (xfr#27, ir-chk=1264/69276)
>f+++++++++ kash/2023/20230415_130953.jpg
         32,768   2%   90.40kB/s    0:00:11        1,092,941 100%    2.94MB/s    0:00:00 (xfr#28, ir-chk=1263/69276)
>f+++++++++ kash/2023/20230421_215601.jpg
         32,768   3%   89.89kB/s    0:00:11        1,075,127 100%    2.87MB/s    0:00:00 (xfr#29, ir-chk=1262/69276)
>f+++++++++ kash/2023/20230428_225856.jpg
         32,768   3%   89.64kB/s    0:00:10          935,886 100%    2.49MB/s    0:00:00 (xfr#30, ir-chk=1261/69276)
>f+++++++++ kash/2023/20230429_140603.jpg
         32,768   3%   89.14kB/s    0:00:10          927,937 100%    2.46MB/s    0:00:00 (xfr#31, ir-chk=1260/69276)
>f+++++++++ kash/2023/20230502_171642.jpg
         32,768   2%   88.64kB/s    0:00:12        1,102,541 100%    2.90MB/s    0:00:00 (xfr#32, ir-chk=1259/69276)
>f+++++++++ kash/2023/20230502_174817.jpg
         32,768   3%   88.40kB/s    0:00:09          879,559 100%    2.31MB/s    0:00:00 (xfr#33, ir-chk=1258/69276)
>f+++++++++ kash/2023/20230520_202743.jpg
         32,768   2%   88.15kB/s    0:00:14        1,286,644 100%    3.36MB/s    0:00:00 (xfr#34, ir-chk=1257/69276)
>f+++++++++ kash/2023/20230526_172835.jpg
         32,768   2%   87.67kB/s    0:00:14        1,290,924 100%    3.35MB/s    0:00:00 (xfr#35, ir-chk=1256/69276)
>f+++++++++ kash/2023/20230528_111736.jpg
         32,768   2%   86.96kB/s    0:00:14        1,275,689 100%    3.29MB/s    0:00:00 (xfr#36, ir-chk=1255/69276)
>f+++++++++ kash/2023/20230529_185138.jpg
         32,768   2%   86.49kB/s    0:00:13        1,210,364 100%    3.10MB/s    0:00:00 (xfr#37, ir-chk=1254/69276)
.d..t...... kash/2023/Delhi/
>f+++++++++ kash/2023/Delhi/20230511_062656.jpg
         32,768   3%   86.02kB/s    0:00:12        1,086,505 100%    2.78MB/s    0:00:00 (xfr#38, ir-chk=1235/69276)
>f+++++++++ kash/2023/Delhi/20230511_062728.jpg
         32,768   4%   85.56kB/s    0:00:08          759,808 100%    1.93MB/s    0:00:00 (xfr#39, ir-chk=1234/69276)
>f+++++++++ kash/2023/Delhi/20230511_071956.jpg
         32,768   4%   85.33kB/s    0:00:08          779,729 100%    1.98MB/s    0:00:00 (xfr#40, ir-chk=1233/69276)
>f+++++++++ kash/2023/Delhi/20230512_123649.jpg
         32,768   2%   85.11kB/s    0:00:14        1,231,718 100%    3.11MB/s    0:00:00 (xfr#41, ir-chk=1232/69276)
>f+++++++++ kash/2023/Delhi/20230512_123947.jpg
         32,768   3%   84.66kB/s    0:00:09          876,502 100%    2.21MB/s    0:00:00 (xfr#42, ir-chk=1231/69276)
>f+++++++++ kash/2023/Delhi/20230512_130058.jpg
         32,768   3%   84.43kB/s    0:00:10          909,200 100%    2.28MB/s    0:00:00 (xfr#43, ir-chk=1230/69276)
>f+++++++++ kash/2023/Delhi/20230512_130917.jpg
         32,768   6%   83.99kB/s    0:00:05          535,263 100%    1.34MB/s    0:00:00 (xfr#44, ir-chk=1229/69276)
>f+++++++++ kash/2023/Delhi/20230512_130935.jpg
         32,768   5%   83.77kB/s    0:00:06          558,076 100%    1.39MB/s    0:00:00 (xfr#45, ir-chk=1228/69276)
.d..t...... kash/2023/Delhi/Videos/
>f+++++++++ kash/2023/Delhi/Videos/20230510_192428.mp4
         32,768   1%   83.55kB/s    0:00:38        3,240,004 100%    7.98MB/s    0:00:00 (xfr#46, ir-chk=1155/69276)
>f+++++++++ kash/2023/Delhi/Videos/20230510_204707.mp4
         32,768   1%   82.69kB/s    0:00:19        1,662,896 100%    4.07MB/s    0:00:00 (xfr#47, ir-chk=1154/69276)
>f+++++++++ kash/2023/Delhi/Videos/20230510_214036.mp4
         32,768   0%   82.05kB/s    0:00:44        3,717,320 100%    8.97MB/s    0:00:00 (xfr#48, ir-chk=1153/69276)
>f+++++++++ kash/2023/Delhi/Videos/20230510_214312.mp4
         32,768   1%   81.01kB/s    0:00:36        2,998,888 100%    7.15MB/s    0:00:00 (xfr#49, ir-chk=1152/69276)
>f+++++++++ kash/2023/Delhi/Videos/20230511_062740.mp4
         32,768   0%   80.00kB/s    0:01:02        4,994,784 100%   11.70MB/s    0:00:00 (xfr#50, ir-chk=1151/69276)
>f+++++++++ kash/2023/Delhi/Videos/20230512_124013.mp4
         32,768   0%   78.62kB/s    0:02:10       10,284,740 100%   23.19MB/s    0:00:00 (xfr#51, ir-chk=1150/69276)
>f+++++++++ kash/2023/Delhi/Videos/20230512_130124.mp4
         32,768   0%   75.65kB/s    0:01:06        5,081,744 100%   11.22MB/s    0:00:00 (xfr#52, ir-chk=1149/69276)
>f+++++++++ kash/2023/Delhi/Videos/20230512_193708.mp4
         32,768   0%   74.07kB/s    0:01:08        5,092,408 100%   11.06MB/s    0:00:00 (xfr#53, ir-chk=1148/69276)
>f+++++++++ kash/2023/Delhi/Videos/20230512_193901.mp4
         32,768   0%   72.89kB/s    0:03:16       14,338,168 100%   29.60MB/s    0:00:00 (xfr#54, ir-chk=1147/69276)
.d..t...... kash/2023/GunnuBday/
>f+++++++++ kash/2023/GunnuBday/20230519_220004.jpg
         32,768   9%   69.26kB/s    0:00:04          358,949 100%  758.74kB/s    0:00:00 (xfr#55, ir-chk=1129/69276)
>f+++++++++ kash/2023/GunnuBday/20230519_220029.jpg
         32,768   6%   69.11kB/s    0:00:06          478,611 100% 1007.31kB/s    0:00:00 (xfr#56, ir-chk=1128/69276)
>f+++++++++ kash/2023/GunnuBday/20230519_220034.jpg
         32,768   6%   68.97kB/s    0:00:06          469,387 100%  985.78kB/s    0:00:00 (xfr#57, ir-chk=1127/69276)
>f+++++++++ kash/2023/GunnuBday/20230519_220058.jpg
         32,768   8%   68.82kB/s    0:00:05          383,806 100%  806.04kB/s    0:00:00 (xfr#58, ir-chk=1126/69276)
>f+++++++++ kash/2023/GunnuBday/20230519_220111.jpg
         32,768   8%   68.67kB/s    0:00:05          403,735 100%  846.08kB/s    0:00:00 (xfr#59, ir-chk=1125/69276)
>f+++++++++ kash/2023/GunnuBday/20230519_220121.jpg
         32,768   8%   68.52kB/s    0:00:05          381,848 100%  798.50kB/s    0:00:00 (xfr#60, ir-chk=1124/69276)
>f+++++++++ kash/2023/GunnuBday/20230519_220133.jpg
         32,768   8%   68.52kB/s    0:00:05          382,417 100%  797.98kB/s    0:00:00 (xfr#61, ir-chk=1123/69276)
>f+++++++++ kash/2023/GunnuBday/20230519_220333.jpg
         32,768   8%   68.38kB/s    0:00:05          390,437 100%  812.98kB/s    0:00:00 (xfr#62, ir-chk=1122/69276)
>f+++++++++ kash/2023/GunnuBday/20230519_220402.jpg
         32,768   8%   68.23kB/s    0:00:05          404,025 100%  841.27kB/s    0:00:00 (xfr#63, ir-chk=1121/69276)
>f+++++++++ kash/2023/GunnuBday/20230519_220420.jpg
         32,768   8%   68.09kB/s    0:00:05          409,434 100%  850.72kB/s    0:00:00 (xfr#64, ir-chk=1120/69276)
>f+++++++++ kash/2023/GunnuBday/20230519_220450.jpg
         32,768   7%   67.94kB/s    0:00:05          412,902 100%  856.10kB/s    0:00:00 (xfr#65, ir-chk=1119/69276)
>f+++++++++ kash/2023/GunnuBday/20230519_220458.jpg
         32,768   7%   67.94kB/s    0:00:05          414,917 100%  858.46kB/s    0:00:00 (xfr#66, ir-chk=1118/69276)
>f+++++++++ kash/2023/GunnuBday/20230519_220837.jpg
         32,768   6%   67.80kB/s    0:00:06          471,218 100%  972.88kB/s    0:00:00 (xfr#67, ir-chk=1117/69276)
>f+++++++++ kash/2023/GunnuBday/20230519_221119.jpg
         32,768   2%   67.65kB/s    0:00:18        1,316,183 100%    2.64MB/s    0:00:00 (xfr#68, ir-chk=1116/69276)
>f+++++++++ kash/2023/GunnuBday/20230519_221156.jpg
         32,768   6%   67.37kB/s    0:00:06          485,054 100%  995.14kB/s    0:00:00 (xfr#69, ir-chk=1115/69276)
>f+++++++++ kash/2023/GunnuBday/20230519_221307.jpg
         32,768   6%   67.23kB/s    0:00:07          505,907 100%    1.01MB/s    0:00:00 (xfr#70, ir-chk=1114/69276)
>f+++++++++ kash/2023/GunnuBday/20230519_221557.jpg
         32,768  11%   67.09kB/s    0:00:03          296,659 100%  606.08kB/s    0:00:00 (xfr#71, ir-chk=1113/69276)
>f+++++++++ kash/2023/GunnuBday/20230519_221626.jpg
         32,768   9%   66.95kB/s    0:00:04          336,590 100%  687.66kB/s    0:00:00 (xfr#72, ir-chk=1112/69276)
>f+++++++++ kash/2023/GunnuBday/20230519_221745.jpg
         32,768  10%   66.95kB/s    0:00:04          309,068 100%  630.11kB/s    0:00:00 (xfr#73, ir-chk=1111/69276)
>f+++++++++ kash/2023/GunnuBday/20230519_221827.jpg
         32,768  10%   66.81kB/s    0:00:03          298,829 100%  609.24kB/s    0:00:00 (xfr#74, ir-chk=1110/69276)
>f+++++++++ kash/2023/GunnuBday/20230519_222020.jpg
         32,768  10%   66.81kB/s    0:00:04          304,031 100%  618.55kB/s    0:00:00 (xfr#75, ir-chk=1109/69276)
>f+++++++++ kash/2023/GunnuBday/20230519_222034.jpg
         32,768   7%   66.67kB/s    0:00:06          463,308 100%  942.60kB/s    0:00:00 (xfr#76, ir-chk=1108/69276)
>f+++++++++ kash/2023/GunnuBday/20230520_123304.jpg
         32,768  10%   66.67kB/s    0:00:04          318,435 100%  646.51kB/s    0:00:00 (xfr#77, ir-chk=1107/69276)
>f+++++++++ kash/2023/GunnuBday/20230520_123336.jpg
         32,768   9%   66.53kB/s    0:00:04          345,822 100%  702.11kB/s    0:00:00 (xfr#78, ir-chk=1106/69276)
.d..t...... kash/2023/GunnuBday/Videos/
>f+++++++++ kash/2023/GunnuBday/Videos/20230519_212110.mp4
         32,768   0%   66.53kB/s    0:01:12        4,866,900 100%    9.49MB/s    0:00:00 (xfr#79, ir-chk=1083/69276)
>f+++++++++ kash/2023/GunnuBday/Videos/20230519_221218.mp4
         32,768   1%   65.44kB/s    0:00:47        3,156,200 100%    6.09MB/s    0:00:00 (xfr#80, ir-chk=1082/69276)
>f+++++++++ kash/2023/GunnuBday/Videos/20230519_221648.mp4
         32,768   0%   64.78kB/s    0:01:13        4,773,584 100%    9.05MB/s    0:00:00 (xfr#81, ir-chk=1081/69276)
.d..t...... kash/2023/Mangaluru/
>f+++++++++ kash/2023/Mangaluru/20230218_062750.jpg
         32,768   3%   63.62kB/s    0:00:14          950,237 100%    1.80MB/s    0:00:00 (xfr#82, ir-chk=1080/69276)
>f+++++++++ kash/2023/Mangaluru/20230218_070310.jpg
         32,768   4%   63.49kB/s    0:00:12          808,065 100%    1.52MB/s    0:00:00 (xfr#83, ir-chk=1079/69276)
>f+++++++++ kash/2023/Mangaluru/20230218_192506.jpg
         32,768   2%   63.24kB/s    0:00:19        1,255,806 100%    2.36MB/s    0:00:00 (xfr#84, ir-chk=1078/69276)
.d..t...... kash/2023/Mangaluru/Videos/
>f+++++++++ kash/2023/Mangaluru/Videos/20230217_212949.mp4
         32,768   0%   62.99kB/s    0:09:22       35,467,940 100%   51.09MB/s    0:00:00 (xfr#85, ir-chk=1071/69276)
>f+++++++++ kash/2023/Mangaluru/Videos/20230217_213422.mp4
         32,768   0%   48.34kB/s    0:03:27       10,064,884 100%   13.95MB/s    0:00:00 (xfr#86, ir-chk=1070/69276)
>f+++++++++ kash/2023/Mangaluru/Videos/20230218_010121.mp4
         32,768   0%   46.51kB/s    0:01:45        4,934,720 100%    6.61MB/s    0:00:00 (xfr#87, ir-chk=1069/69276)
>f+++++++++ kash/2023/Mangaluru/Videos/20230218_031608.mp4
         32,768   3%   44.94kB/s    0:00:17          821,640 100%    1.10MB/s    0:00:00 (xfr#88, ir-chk=1068/69276)
>f+++++++++ kash/2023/Mangaluru/Videos/20230218_031637.mp4
         32,768   5%   44.76kB/s    0:00:12          608,976 100%  830.59kB/s    0:00:00 (xfr#89, ir-chk=1067/69276)
>f+++++++++ kash/2023/Mangaluru/Videos/20230218_034132.mp4
         32,768   2%   44.69kB/s    0:00:30        1,410,196 100%    1.87MB/s    0:00:00 (xfr#90, ir-chk=1066/69276)
>f+++++++++ kash/2023/Mangaluru/Videos/20230218_052730.mp4
         32,768   0%   44.38kB/s    0:01:56        5,204,200 100%    6.75MB/s    0:00:00 (xfr#91, ir-chk=1065/69276)
>f+++++++++ kash/2023/Mangaluru/Videos/20230218_062802.mp4
         32,768   1%   43.48kB/s    0:00:42        1,859,820 100%    2.40MB/s    0:00:00 (xfr#92, ir-chk=1064/69276)
>f+++++++++ kash/2023/Mangaluru/Videos/20230218_064446.mp4
         32,768   0%   43.30kB/s    0:02:01        5,307,616 100%    6.78MB/s    0:00:00 (xfr#93, ir-chk=1063/69276)
>f+++++++++ kash/2023/Mangaluru/Videos/20230218_064454.mp4
         32,768   0%   42.84kB/s    0:01:19        3,432,296 100%    4.36MB/s    0:00:00 (xfr#94, ir-chk=1062/69276)
>f+++++++++ kash/2023/Mangaluru/Videos/20230218_071308.mp4
         32,768   0%   42.61kB/s    0:01:40        4,317,216 100%    5.43MB/s    0:00:00 (xfr#95, ir-chk=1061/69276)
>f+++++++++ kash/2023/Mangaluru/Videos/20230223_035218.mp4
         32,768   1%   42.22kB/s    0:00:55        2,387,236 100%    2.99MB/s    0:00:00 (xfr#96, ir-chk=1060/69276)
.d..t...... kash/2023/Videos/
>f+++++++++ kash/2023/Videos/20230101_030625.mp4
         32,768   0%   42.05kB/s    0:01:42        4,351,140 100%    5.09MB/s    0:00:00 (xfr#97, ir-chk=1223/69444)
>f+++++++++ kash/2023/Videos/20230101_030634.mp4
         32,768   0%   39.22kB/s    0:01:29        3,541,624 100%    3.95MB/s    0:00:00 (xfr#98, ir-chk=1222/69444)
>f+++++++++ kash/2023/Videos/20230115_191659.mp4
         32,768   0%   37.43kB/s    0:01:28        3,351,208 100%    3.57MB/s    0:00:00 (xfr#99, ir-chk=1221/69444)
>f+++++++++ kash/2023/Videos/20230124_162158.mp4
         32,768   2%   35.71kB/s    0:00:39        1,437,428 100%    1.49MB/s    0:00:00 (xfr#100, ir-chk=1220/69444)
>f+++++++++ kash/2023/Videos/20230128_153116.mp4
         32,768   5%   34.78kB/s    0:00:16          596,028 100%  631.99kB/s    0:00:00 (xfr#101, ir-chk=1219/69444)
>f+++++++++ kash/2023/Videos/20230128_153138.mp4
         32,768   2%   34.74kB/s    0:00:44        1,574,840 100%    1.60MB/s    0:00:00 (xfr#102, ir-chk=1218/69444)
>f+++++++++ kash/2023/Videos/20230201_134441.mp4
         32,768   2%   34.15kB/s    0:00:40        1,421,972 100%    1.41MB/s    0:00:00 (xfr#103, ir-chk=1217/69444)
>f+++++++++ kash/2023/Videos/20230202_131003.mp4
         32,768   2%   33.26kB/s    0:00:35        1,201,504 100%    1.19MB/s    0:00:00 (xfr#104, ir-chk=1216/69444)
>f+++++++++ kash/2023/Videos/20230204_235456.mp4
         32,768   0%   33.16kB/s    0:01:48        2,785,280  76%    2.66MB/s    0:00:00        3,638,848 100%    3.45MB/s    0:00:01 (xfr#105, ir-chk=1215/69444)
>f+++++++++ kash/2023/Videos/20230205_163819.mp4
         32,768   1%    5.21MB/s    0:00:00        3,039,812 100%   70.71MB/s    0:00:00 (xfr#106, ir-chk=1214/69444)
>f+++++++++ kash/2023/Videos/20230205_163915.mp4
         32,768   1%  780.49kB/s    0:00:03        2,399,720 100%   32.23MB/s    0:00:00 (xfr#107, ir-chk=1213/69444)
>f+++++++++ kash/2023/Videos/20230205_164231.mp4
         32,768   0%  450.70kB/s    0:00:12        5,694,324 100%   36.69MB/s    0:00:00 (xfr#108, ir-chk=1212/69444)
>f+++++++++ kash/2023/Videos/20230205_173303.mp4
         32,768   0%  216.22kB/s    0:00:32        6,980,944 100%   31.55MB/s    0:00:00 (xfr#109, ir-chk=1211/69444)
>f+++++++++ kash/2023/Videos/20230205_174422.mp4
         32,768   0%  151.66kB/s    0:01:23       12,643,784 100%   34.85MB/s    0:00:00 (xfr#110, ir-chk=1210/69444)
>f+++++++++ kash/2023/Videos/20230205_174944.mp4
         32,768   0%   92.22kB/s    0:08:13       45,514,944 100%   51.98MB/s    0:00:00 (xfr#111, ir-chk=1209/69444)
>f+++++++++ kash/2023/Videos/20230205_182439.mp4
         32,768   1%   38.32kB/s    0:01:07        2,604,432 100%    2.87MB/s    0:00:00 (xfr#112, ir-chk=1208/69444)
>f+++++++++ kash/2023/Videos/20230205_195402.mp4
         32,768   0%   37.04kB/s    0:03:24        7,593,660 100%    7.62MB/s    0:00:00 (xfr#113, ir-chk=1207/69444)
>f+++++++++ kash/2023/Videos/20230208_130932.mp4
         32,768   0%   33.65kB/s    0:02:27        4,489,216  89%    4.28MB/s    0:00:00        4,990,704 100%    4.75MB/s    0:00:01 (xfr#114, ir-chk=1206/69444)
>f+++++++++ kash/2023/Videos/20230211_004500.mp4
         32,768   0%   15.62MB/s    0:00:00        3,982,184 100%   88.32MB/s    0:00:00 (xfr#115, ir-chk=1205/69444)
>f+++++++++ kash/2023/Videos/20230211_004717.mp4
         32,768   0%  744.19kB/s    0:00:06        4,927,568 100%   46.99MB/s    0:00:00 (xfr#116, ir-chk=1204/69444)
>f+++++++++ kash/2023/Videos/20230211_030049.mp4
         32,768   1%  320.00kB/s    0:00:08        2,860,248 100%   19.91MB/s    0:00:00 (xfr#117, ir-chk=1203/69444)
>f+++++++++ kash/2023/Videos/20230211_034503.mp4
         32,768   0%  233.58kB/s    0:00:14        3,499,492 100%   18.14MB/s    0:00:00 (xfr#118, ir-chk=1202/69444)
>f+++++++++ kash/2023/Videos/20230211_034508.mp4
         32,768   1%  172.97kB/s    0:00:15        2,650,320 100%   11.33MB/s    0:00:00 (xfr#119, ir-chk=1201/69444)
>f+++++++++ kash/2023/Videos/20230211_210613.mp4
         32,768   0%  142.86kB/s    0:00:47        6,824,692 100%   22.21MB/s    0:00:00 (xfr#120, ir-chk=1200/69444)
>f+++++++++ kash/2023/Videos/20230211_210706.mp4
         32,768   0%  109.22kB/s    0:00:39        4,355,348 100%   12.36MB/s    0:00:00 (xfr#121, ir-chk=1199/69444)
>f+++++++++ kash/2023/Videos/20230211_212402.mp4
         32,768   0%   94.96kB/s    0:00:43        4,152,196 100%   10.67MB/s    0:00:00 (xfr#122, ir-chk=1198/69444)
>f+++++++++ kash/2023/Videos/20230211_232309.mp4
         32,768   0%   86.25kB/s    0:00:39        3,436,236 100%    7.88MB/s    0:00:00 (xfr#123, ir-chk=1197/69444)
>f+++++++++ kash/2023/Videos/20230212_002948.mp4
         32,768   2%   76.92kB/s    0:00:16        1,273,028 100%    2.89MB/s    0:00:00 (xfr#124, ir-chk=1196/69444)
>f+++++++++ kash/2023/Videos/20230212_003348.mp4
         32,768   1%   76.19kB/s    0:00:42        3,273,308 100%    6.85MB/s    0:00:00 (xfr#125, ir-chk=1195/69444)
>f+++++++++ kash/2023/Videos/20230212_005548.mp4
         32,768   1%   70.18kB/s    0:00:42        3,020,556 100%    5.81MB/s    0:00:00 (xfr#126, ir-chk=1194/69444)
>f+++++++++ kash/2023/Videos/20230212_190147.mp4
         32,768   0%   64.52kB/s    0:01:05        4,266,104 100%    7.51MB/s    0:00:00 (xfr#127, ir-chk=1193/69444)
>f+++++++++ kash/2023/Videos/20230212_191022.mp4
         32,768   0%   58.82kB/s    0:01:01        3,659,300 100%    6.30MB/s    0:00:00 (xfr#128, ir-chk=1192/69444)
>f+++++++++ kash/2023/Videos/20230212_193642.mp4
         32,768   1%   57.76kB/s    0:00:37        2,209,284 100%    3.63MB/s    0:00:00 (xfr#129, ir-chk=1191/69444)
>f+++++++++ kash/2023/Videos/20230212_195853.mp4
         32,768   1%   55.17kB/s    0:00:42        2,377,532 100%    3.75MB/s    0:00:00 (xfr#130, ir-chk=1190/69444)
>f+++++++++ kash/2023/Videos/20230212_195934.mp4
         32,768   1%   52.98kB/s    0:00:50        2,701,768 100%    4.10MB/s    0:00:00 (xfr#131, ir-chk=1189/69444)
>f+++++++++ kash/2023/Videos/20230212_200912.mp4
         32,768   1%   50.79kB/s    0:00:41        2,139,396 100%    3.21MB/s    0:00:00 (xfr#132, ir-chk=1188/69444)
>f+++++++++ kash/2023/Videos/20230212_202614.mp4
         32,768   2%   50.31kB/s    0:00:28        1,446,424 100%    2.16MB/s    0:00:00 (xfr#133, ir-chk=1187/69444)
>f+++++++++ kash/2023/Videos/20230212_202657.mp4
         32,768   3%   50.00kB/s    0:00:20        1,062,996 100%    1.58MB/s    0:00:00 (xfr#134, ir-chk=1186/69444)
>f+++++++++ kash/2023/Videos/20230212_205848.mp4
         32,768   0%   49.77kB/s    0:01:39        5,001,236 100%    6.79MB/s    0:00:00 (xfr#135, ir-chk=1185/69444)
>f+++++++++ kash/2023/Videos/20230213_234816.mp4
         32,768   0%   45.58kB/s    0:05:07       14,060,844 100%   15.56MB/s    0:00:00 (xfr#136, ir-chk=1184/69444)
>f+++++++++ kash/2023/Videos/20230218_192514.mp4
         32,768   0%   37.12kB/s    0:01:35        3,576,316 100%    3.79MB/s    0:00:00 (xfr#137, ir-chk=1183/69444)
>f+++++++++ kash/2023/Videos/20230218_192525.mp4
         32,768   0%   35.52kB/s    0:01:34        3,381,164 100%    3.46MB/s    0:00:00 (xfr#138, ir-chk=1182/69444)
>f+++++++++ kash/2023/Videos/20230218_205443.mp4
         32,768   0%   34.30kB/s    0:02:11        4,543,144 100%    4.58MB/s    0:00:00 (xfr#139, ir-chk=1181/69444)
>f+++++++++ kash/2023/Videos/20230219_051247.mp4
         32,768   2%   33.83kB/s    0:00:40        1,398,416 100%    1.40MB/s    0:00:00 (xfr#140, ir-chk=1180/69444)
>f+++++++++ kash/2023/Videos/20230219_051401.mp4
         32,768   0%   33.68kB/s    0:02:32        5,162,340 100%    5.10MB/s    0:00:00 (xfr#141, ir-chk=1179/69444)
>f+++++++++ kash/2023/Videos/20230219_051919.mp4
         32,768   1%   33.16kB/s    0:01:14        2,504,724 100%    2.46MB/s    0:00:00 (xfr#142, ir-chk=1178/69444)
>f+++++++++ kash/2023/Videos/20230219_193243.mp4
         32,768   4%   32.92kB/s    0:00:20          718,384 100%  720.27kB/s    0:00:00 (xfr#143, ir-chk=1177/69444)
>f+++++++++ kash/2023/Videos/20230219_193420.mp4
         32,768   1%   32.85kB/s    0:01:35        3,155,092 100%    3.06MB/s    0:00:00 (xfr#144, ir-chk=1176/69444)
>f+++++++++ kash/2023/Videos/20230219_193446.mp4
         32,768   1%   32.55kB/s    0:01:07        1,409,024  63%    1.34MB/s    0:00:00        2,220,992 100%    2.11MB/s    0:00:01 (xfr#145, ir-chk=1175/69444)
>f+++++++++ kash/2023/Videos/20230219_195152.mp4
         32,768   0%    4.46MB/s    0:00:00        3,838,944 100%   73.22MB/s    0:00:00 (xfr#146, ir-chk=1174/69444)
>f+++++++++ kash/2023/Videos/20230219_195208.mp4
         32,768   0%  627.45kB/s    0:00:07        4,569,120 100%   43.57MB/s    0:00:00 (xfr#147, ir-chk=1173/69444)
>f+++++++++ kash/2023/Videos/20230219_201325.mp4
         32,768   0%  316.83kB/s    0:00:14        4,569,200 100%   29.64MB/s    0:00:00 (xfr#148, ir-chk=1172/69444)
>f+++++++++ kash/2023/Videos/20230220_012831.mp4
         32,768   3%  217.69kB/s    0:00:03          847,220 100%    5.42MB/s    0:00:00 (xfr#149, ir-chk=1171/69444)
>f+++++++++ kash/2023/Videos/20230220_034610.mp4
         32,768   0%  214.77kB/s    0:00:15        3,351,016 100%   20.23MB/s    0:00:00 (xfr#150, ir-chk=1170/69444)
>f+++++++++ kash/2023/Videos/20230220_035221.mp4
         32,768   0%  201.26kB/s    0:00:25        5,247,788 100%   29.10MB/s    0:00:00 (xfr#151, ir-chk=1169/69444)
>f+++++++++ kash/2023/Videos/20230220_035239.mp4
         32,768   0%  184.97kB/s    0:00:29        5,503,632 100%   28.07MB/s    0:00:00 (xfr#152, ir-chk=1168/69444)
>f+++++++++ kash/2023/Videos/20230220_070634.mp4
         32,768   0%  171.12kB/s    0:00:23        4,096,464 100%   19.73MB/s    0:00:00 (xfr#153, ir-chk=1167/69444)
>f+++++++++ kash/2023/Videos/20230223_034853.mp4
         32,768   1%  161.62kB/s    0:00:13        2,161,492 100%    9.41MB/s    0:00:00 (xfr#154, ir-chk=1166/69444)
>f+++++++++ kash/2023/Videos/20230225_200018.mp4
         32,768   0%  146.12kB/s    0:00:28        4,218,760 100%   17.49MB/s    0:00:00 (xfr#155, ir-chk=1165/69444)
>f+++++++++ kash/2023/Videos/20230225_200600.mp4
         32,768   0%  138.53kB/s    0:00:30        4,227,688 100%   16.66MB/s    0:00:00 (xfr#156, ir-chk=1164/69444)
>f+++++++++ kash/2023/Videos/20230226_005542.mp4
         32,768   0%  132.23kB/s    0:00:32        4,283,272 100%   16.08MB/s    0:00:00 (xfr#157, ir-chk=1163/69444)
>f+++++++++ kash/2023/Videos/20230227_202739.mp4
         32,768   0%  125.98kB/s    0:00:38        4,835,516 100%   17.27MB/s    0:00:00 (xfr#158, ir-chk=1162/69444)
>f+++++++++ kash/2023/Videos/20230303_134649.mp4
         32,768   1%  119.85kB/s    0:00:19        2,382,120 100%    8.32MB/s    0:00:00 (xfr#159, ir-chk=1161/69444)
>f+++++++++ kash/2023/Videos/20230305_193924.mp4
         32,768   1%  117.22kB/s    0:00:16        1,949,112 100%    6.69MB/s    0:00:00 (xfr#160, ir-chk=1160/69444)
>f+++++++++ kash/2023/Videos/20230306_192003.mp4
         32,768   0%  114.70kB/s    0:00:47        5,514,739 100%   15.16MB/s    0:00:00 (xfr#161, ir-chk=1159/69444)
>f+++++++++ kash/2023/Videos/20230310_153243.mp4
         32,768   1%   92.22kB/s    0:00:31        2,978,096 100%    7.40MB/s    0:00:00 (xfr#162, ir-chk=1158/69444)
>f+++++++++ kash/2023/Videos/20230310_153255.mp4
         32,768   1%   83.33kB/s    0:00:36        3,102,412 100%    7.55MB/s    0:00:00 (xfr#163, ir-chk=1157/69444)
>f+++++++++ kash/2023/Videos/20230316_182048.mp4
         32,768   1%   81.63kB/s    0:00:30        2,492,944 100%    5.70MB/s    0:00:00 (xfr#164, ir-chk=1156/69444)
>f+++++++++ kash/2023/Videos/20230318_222630.mp4
         32,768   0%   76.74kB/s    0:01:44        8,016,436 100%   16.06MB/s    0:00:00 (xfr#165, ir-chk=1155/69444)
>f+++++++++ kash/2023/Videos/20230319_122641.mp4
         32,768   4%   67.23kB/s    0:00:09          692,144 100%    1.38MB/s    0:00:00 (xfr#166, ir-chk=1154/69444)
>f+++++++++ kash/2023/Videos/20230319_133903.mp4
         32,768   0%   66.95kB/s    0:01:02        4,217,908 100%    7.86MB/s    0:00:00 (xfr#167, ir-chk=1153/69444)
>f+++++++++ kash/2023/Videos/20230325_202620.mp4
         32,768   0%   62.50kB/s    0:02:16        8,580,719 100%   14.26MB/s    0:00:00 (xfr#168, ir-chk=1152/69444)
>f+++++++++ kash/2023/Videos/20230401_143228.mp4
         32,768   2%   55.75kB/s    0:00:23        1,357,604 100%    2.24MB/s    0:00:00 (xfr#169, ir-chk=1151/69444)
>f+++++++++ kash/2023/Videos/20230402_145625.mp4
         32,768   1%   55.36kB/s    0:00:30        1,725,112 100%    2.83MB/s    0:00:00 (xfr#170, ir-chk=1150/69444)
>f+++++++++ kash/2023/Videos/20230404_194651.mp4
         32,768   2%   54.89kB/s    0:00:23        1,304,880 100%    2.12MB/s    0:00:00 (xfr#171, ir-chk=1149/69444)
>f+++++++++ kash/2023/Videos/20230406_211139.mp4
         32,768   0%   54.61kB/s    0:01:18        4,343,576 100%    6.72MB/s    0:00:00 (xfr#172, ir-chk=1148/69444)
>f+++++++++ kash/2023/Videos/20230406_212935.mp4
         32,768   0%   51.95kB/s    0:02:12        6,932,712 100%   10.41MB/s    0:00:00 (xfr#173, ir-chk=1147/69444)
>f+++++++++ kash/2023/Videos/20230407_102958.mp4
         32,768   0%   50.39kB/s    0:02:29        7,562,820 100%   10.32MB/s    0:00:00 (xfr#174, ir-chk=1146/69444)
>f+++++++++ kash/2023/Videos/20230407_103459.mp4
         32,768   1%   45.78kB/s    0:00:55        2,552,312 100%    3.45MB/s    0:00:00 (xfr#175, ir-chk=1145/69444)
>f+++++++++ kash/2023/Videos/20230407_103628.mp4
         32,768   1%   45.33kB/s    0:01:08        3,130,811 100%    4.18MB/s    0:00:00 (xfr#176, ir-chk=1144/69444)
>f+++++++++ kash/2023/Videos/20230407_111239.mp4
         32,768   0%   44.76kB/s    0:01:24        3,831,732 100%    5.04MB/s    0:00:00 (xfr#177, ir-chk=1143/69444)
>f+++++++++ kash/2023/Videos/20230407_111537.mp4
         32,768   0%   44.14kB/s    0:01:26        3,831,508 100%    4.96MB/s    0:00:00 (xfr#178, ir-chk=1142/69444)
>f+++++++++ kash/2023/Videos/20230409_165745.mp4
         32,768   0%   43.48kB/s    0:03:29        9,124,420 100%   11.45MB/s    0:00:00 (xfr#179, ir-chk=1141/69444)
>f+++++++++ kash/2023/Videos/20230409_170042.mp4
         32,768   1%   42.11kB/s    0:00:50        2,157,596 100%    2.64MB/s    0:00:00 (xfr#180, ir-chk=1140/69444)
>f+++++++++ kash/2023/Videos/20230413_135109.mp4
         32,768   0%   41.03kB/s    0:02:08        5,319,084 100%    6.39MB/s    0:00:00 (xfr#181, ir-chk=1139/69444)
>f+++++++++ kash/2023/Videos/20230417_184526.mp4
         32,768   0%   40.30kB/s    0:03:11        7,734,328 100%    8.80MB/s    0:00:00 (xfr#182, ir-chk=1138/69444)
>f+++++++++ kash/2023/Videos/20230421_191731.mp4
         32,768   0%   38.19kB/s    0:11:24       26,183,820 100%   25.48MB/s    0:00:00 (xfr#183, ir-chk=1137/69444)
>f+++++++++ kash/2023/Videos/20230421_192057.mp4
         32,768   0%   32.62kB/s    0:03:55        7,176,192  93%    6.84MB/s    0:00:00        7,712,668 100%    7.36MB/s    0:00:01 (xfr#184, ir-chk=1136/69444)
>f+++++++++ kash/2023/Videos/20230421_215614.mp4
         32,768   0%   31.25MB/s    0:00:00        4,008,592 100%  159.29MB/s    0:00:00 (xfr#185, ir-chk=1135/69444)
>f+++++++++ kash/2023/Videos/20230422_150550.mp4
         32,768   0%    1.25MB/s    0:00:02        3,664,208 100%  102.78MB/s    0:00:00 (xfr#186, ir-chk=1134/69444)
>f+++++++++ kash/2023/Videos/20230424_103548.mp4
         32,768  28%  941.18kB/s    0:00:00          113,784 100%    3.19MB/s    0:00:00 (xfr#187, ir-chk=1133/69444)
>f+++++++++ kash/2023/Videos/20230424_103758.mp4
         32,768   0%  914.29kB/s    0:00:05        5,116,308 100%   72.83MB/s    0:00:00 (xfr#188, ir-chk=1132/69444)
>f+++++++++ kash/2023/Videos/20230424_104126.mp4
         32,768   0%  470.59kB/s    0:00:07        3,558,408 100%   32.63MB/s    0:00:00 (xfr#189, ir-chk=1131/69444)
>f+++++++++ kash/2023/Videos/20230424_190739.mp4
         32,768   1%  307.69kB/s    0:00:10        3,142,464 100%   23.05MB/s    0:00:00 (xfr#190, ir-chk=1130/69444)
>f+++++++++ kash/2023/Videos/20230424_212518.mp4
         32,768   2%  246.15kB/s    0:00:05        1,413,604 100%   10.06MB/s    0:00:00 (xfr#191, ir-chk=1129/69444)
>f+++++++++ kash/2023/Videos/20230425_160934.mp4
         32,768   1%  238.81kB/s    0:00:10        2,573,968 100%   17.41MB/s    0:00:00 (xfr#192, ir-chk=1128/69444)
>f+++++++++ kash/2023/Videos/20230425_232137.mp4
         32,768   0%  225.35kB/s    0:00:19        4,435,784 100%   27.47MB/s    0:00:00 (xfr#193, ir-chk=1127/69444)
>f+++++++++ kash/2023/Videos/20230428_225909.mp4
         32,768   0%  207.79kB/s    0:00:15        3,303,240 100%   19.33MB/s    0:00:00 (xfr#194, ir-chk=1126/69444)
>f+++++++++ kash/2023/Videos/20230429_220830.mp4
         32,768   0%  196.32kB/s    0:00:34        6,892,220 100%   34.59MB/s    0:00:00 (xfr#195, ir-chk=1125/69444)
>f+++++++++ kash/2023/Videos/20230429_233518.mp4
         32,768   1%  167.54kB/s    0:00:16        2,816,768 100%   13.71MB/s    0:00:00 (xfr#196, ir-chk=1124/69444)
>f+++++++++ kash/2023/Videos/20230505_184447.mp4
         32,768   0%  162.44kB/s    0:00:28        4,718,644 100%   17.72MB/s    0:00:00 (xfr#197, ir-chk=1123/69444)
>f+++++++++ kash/2023/Videos/20230506_201501.mp4
         32,768   1%  125.49kB/s    0:00:17        2,281,352 100%    7.66MB/s    0:00:00 (xfr#198, ir-chk=1122/69444)
>f+++++++++ kash/2023/Videos/20230506_202343.mp4
         32,768   1%  112.68kB/s    0:00:20        2,383,452 100%    7.19MB/s    0:00:00 (xfr#199, ir-chk=1121/69444)
>f+++++++++ kash/2023/Videos/20230506_202413.mp4
         32,768   0%  101.27kB/s    0:01:32        9,414,616 100%   17.96MB/s    0:00:00 (xfr#200, ir-chk=1120/69444)
>f+++++++++ kash/2023/Videos/20230507_190109.mp4
         32,768   0%   64.00kB/s    0:07:00  